2025-08-26T06:06:08.197+05:30  INFO 13352 --- [prod-ready-features] [main] .s.p.p.ProdReadyFeaturesApplicationTests : Starting ProdReadyFeaturesApplicationTests using Java 24.0.2 with PID 13352 (started by Sahil Patel in D:\Programs\SpringBoot\prod-ready-features)
2025-08-26T06:06:08.201+05:30  INFO 13352 --- [prod-ready-features] [main] .s.p.p.ProdReadyFeaturesApplicationTests : No active profile set, falling back to 1 default profile: "default"
2025-08-26T06:06:09.562+05:30  INFO 13352 --- [prod-ready-features] [main] .s.d.r.c.RepositoryConfigurationDelegate : Bootstrapping Spring Data JPA repositories in DEFAULT mode.
2025-08-26T06:06:09.707+05:30  INFO 13352 --- [prod-ready-features] [main] .s.d.r.c.RepositoryConfigurationDelegate : Finished Spring Data repository scanning in 125 ms. Found 1 JPA repository interface.
2025-08-26T06:06:10.843+05:30  INFO 13352 --- [prod-ready-features] [main] o.hibernate.jpa.internal.util.LogHelper  : HHH000204: Processing PersistenceUnitInfo [name: default]
2025-08-26T06:06:10.943+05:30  INFO 13352 --- [prod-ready-features] [main] org.hibernate.Version                    : HHH000412: Hibernate ORM core version 6.6.22.Final
2025-08-26T06:06:11.001+05:30  INFO 13352 --- [prod-ready-features] [main] o.h.c.internal.RegionFactoryInitiator    : HHH000026: Second-level cache disabled
2025-08-26T06:06:11.229+05:30  INFO 13352 --- [prod-ready-features] [main] o.h.e.boot.internal.EnversServiceImpl    : Envers integration enabled? : true
2025-08-26T06:06:11.624+05:30  INFO 13352 --- [prod-ready-features] [main] o.s.o.j.p.SpringPersistenceUnitInfo      : No LoadTimeWeaver setup: ignoring JPA class transformer
2025-08-26T06:06:11.685+05:30  INFO 13352 --- [prod-ready-features] [main] com.zaxxer.hikari.HikariDataSource       : HikariPool-1 - Starting...
2025-08-26T06:06:12.353+05:30  INFO 13352 --- [prod-ready-features] [main] com.zaxxer.hikari.pool.HikariPool        : HikariPool-1 - Added connection com.mysql.cj.jdbc.ConnectionImpl@6339e604
2025-08-26T06:06:12.356+05:30  INFO 13352 --- [prod-ready-features] [main] com.zaxxer.hikari.HikariDataSource       : HikariPool-1 - Start completed.
2025-08-26T06:06:12.461+05:30  INFO 13352 --- [prod-ready-features] [main] org.hibernate.orm.connections.pooling    : HHH10001005: Database info:
	Database JDBC URL [Connecting through datasource 'HikariDataSource (HikariPool-1)']
	Database driver: undefined/unknown
	Database version: 8.0.42
	Autocommit mode: undefined/unknown
	Isolation level: undefined/unknown
	Minimum pool size: undefined/unknown
	Maximum pool size: undefined/unknown
2025-08-26T06:06:12.919+05:30  INFO 13352 --- [prod-ready-features] [main] o.h.e.c.i.m.AuditMetadataGenerator       : Adding properties for entity: com.sahil.prod_ready_features.prod_ready_features.entities.PostEntity
2025-08-26T06:06:14.090+05:30  INFO 13352 --- [prod-ready-features] [main] o.h.e.t.j.p.i.JtaPlatformInitiator       : HHH000489: No JTA platform available (set 'hibernate.transaction.jta.platform' to enable JTA platform integration)
2025-08-26T06:06:14.383+05:30  INFO 13352 --- [prod-ready-features] [main] j.LocalContainerEntityManagerFactoryBean : Initialized JPA EntityManagerFactory for persistence unit 'default'
2025-08-26T06:06:15.353+05:30  WARN 13352 --- [prod-ready-features] [main] JpaBaseConfiguration$JpaWebConfiguration : spring.jpa.open-in-view is enabled by default. Therefore, database queries may be performed during view rendering. Explicitly configure spring.jpa.open-in-view to disable this warning
2025-08-26T06:06:16.118+05:30  INFO 13352 --- [prod-ready-features] [main] .s.p.p.ProdReadyFeaturesApplicationTests : Started ProdReadyFeaturesApplicationTests in 8.614 seconds (process running for 10.609)
2025-08-26T06:06:16.717+05:30 TRACE 13352 --- [prod-ready-features] [main] c.s.p.p.clients.Impl.EmployeeClientImpl  : Trying to create Employee with information EmployeeDTO(id=null, name=Sahil, email=sahil@gmail.com, age=25, dateOfJoining=2025-08-15, role=USER, salary=10005.0, isActive=true, primeNumber=5)
2025-08-26T06:06:17.012+05:30 TRACE 13352 --- [prod-ready-features] [main] c.s.p.p.clients.Impl.EmployeeClientImpl  : Successfully created a new employee : ApiResponse(timeStamp=2025-08-26T06:06:16.928533, data=EmployeeDTO(id=3007, name=Sahil, email=sahil@gmail.com, age=25, dateOfJoining=2025-08-15, role=USER, salary=10005.0, isActive=true, primeNumber=5), error=null)
2025-08-26T06:06:17.045+05:30 ERROR 13352 --- [prod-ready-features] [main] c.s.p.p.clients.Impl.EmployeeClientImpl  : Trying to get employee by id in getEmployeeById with id: 1
2025-08-26T06:06:17.057+05:30 ERROR 13352 --- [prod-ready-features] [main] c.s.p.p.clients.Impl.EmployeeClientImpl  : {"timeStamp":"2025-08-26T06:06:17.0530554","data":null,"error":{"status":"NOT_FOUND","message":"Employee not found with id: 1","subErrors":null}}
2025-08-26T06:06:17.058+05:30 ERROR 13352 --- [prod-ready-features] [main] c.s.p.p.clients.Impl.EmployeeClientImpl  : Exception occurred in getEmployeeById

com.sahil.prod_ready_features.prod_ready_features.exceptions.ResourceNotFoundException: Could not create the employee
	at com.sahil.prod_ready_features.prod_ready_features.clients.Impl.EmployeeClientImpl.lambda$getEmployeeById$0(EmployeeClientImpl.java:60) ~[classes/:na]
	at org.springframework.web.client.StatusHandler.handle(StatusHandler.java:146) ~[spring-web-6.2.9.jar:6.2.9]
	at org.springframework.web.client.DefaultRestClient$DefaultResponseSpec.applyStatusHandlers(DefaultRestClient.java:838) ~[spring-web-6.2.9.jar:6.2.9]
	at org.springframework.web.client.DefaultRestClient$DefaultResponseSpec.lambda$readBody$4(DefaultRestClient.java:827) ~[spring-web-6.2.9.jar:6.2.9]
	at org.springframework.web.client.DefaultRestClient.readWithMessageConverters(DefaultRestClient.java:216) ~[spring-web-6.2.9.jar:6.2.9]
	at org.springframework.web.client.DefaultRestClient$DefaultResponseSpec.readBody(DefaultRestClient.java:826) ~[spring-web-6.2.9.jar:6.2.9]
	at org.springframework.web.client.DefaultRestClient$DefaultResponseSpec.lambda$body$1(DefaultRestClient.java:765) ~[spring-web-6.2.9.jar:6.2.9]
	at org.springframework.web.client.DefaultRestClient$DefaultRequestBodyUriSpec.exchangeInternal(DefaultRestClient.java:586) ~[spring-web-6.2.9.jar:6.2.9]
	at org.springframework.web.client.DefaultRestClient$DefaultRequestBodyUriSpec.exchange(DefaultRestClient.java:540) ~[spring-web-6.2.9.jar:6.2.9]
	at org.springframework.web.client.RestClient$RequestHeadersSpec.exchange(RestClient.java:680) ~[spring-web-6.2.9.jar:6.2.9]
	at org.springframework.web.client.DefaultRestClient$DefaultResponseSpec.executeAndExtract(DefaultRestClient.java:821) ~[spring-web-6.2.9.jar:6.2.9]
	at org.springframework.web.client.DefaultRestClient$DefaultResponseSpec.body(DefaultRestClient.java:765) ~[spring-web-6.2.9.jar:6.2.9]
	at com.sahil.prod_ready_features.prod_ready_features.clients.Impl.EmployeeClientImpl.getEmployeeById(EmployeeClientImpl.java:62) ~[classes/:na]
	at com.sahil.prod_ready_features.prod_ready_features.ProdReadyFeaturesApplicationTests.getEmployeeByIdTest(ProdReadyFeaturesApplicationTests.java:34) ~[test-classes/:na]
	at java.base/jdk.internal.reflect.DirectMethodHandleAccessor.invoke(DirectMethodHandleAccessor.java:104) ~[na:na]
	at java.base/java.lang.reflect.Method.invoke(Method.java:565) ~[na:na]
	at org.junit.platform.commons.util.ReflectionUtils.invokeMethod(ReflectionUtils.java:775) ~[junit-platform-commons-1.12.2.jar:1.12.2]
	at org.junit.platform.commons.support.ReflectionSupport.invokeMethod(ReflectionSupport.java:479) ~[junit-platform-commons-1.12.2.jar:1.12.2]
	at org.junit.jupiter.engine.execution.MethodInvocation.proceed(MethodInvocation.java:60) ~[junit-jupiter-engine-5.12.2.jar:5.12.2]
	at org.junit.jupiter.engine.execution.InvocationInterceptorChain$ValidatingInvocation.proceed(InvocationInterceptorChain.java:131) ~[junit-jupiter-engine-5.12.2.jar:5.12.2]
	at org.junit.jupiter.engine.extension.TimeoutExtension.intercept(TimeoutExtension.java:161) ~[junit-jupiter-engine-5.12.2.jar:5.12.2]
	at org.junit.jupiter.engine.extension.TimeoutExtension.interceptTestableMethod(TimeoutExtension.java:152) ~[junit-jupiter-engine-5.12.2.jar:5.12.2]
	at org.junit.jupiter.engine.extension.TimeoutExtension.interceptTestMethod(TimeoutExtension.java:91) ~[junit-jupiter-engine-5.12.2.jar:5.12.2]
	at org.junit.jupiter.engine.execution.InterceptingExecutableInvoker$ReflectiveInterceptorCall.lambda$ofVoidMethod$0(InterceptingExecutableInvoker.java:112) ~[junit-jupiter-engine-5.12.2.jar:5.12.2]
	at org.junit.jupiter.engine.execution.InterceptingExecutableInvoker.lambda$invoke$0(InterceptingExecutableInvoker.java:94) ~[junit-jupiter-engine-5.12.2.jar:5.12.2]
	at org.junit.jupiter.engine.execution.InvocationInterceptorChain$InterceptedInvocation.proceed(InvocationInterceptorChain.java:106) ~[junit-jupiter-engine-5.12.2.jar:5.12.2]
	at org.junit.jupiter.engine.execution.InvocationInterceptorChain.proceed(InvocationInterceptorChain.java:64) ~[junit-jupiter-engine-5.12.2.jar:5.12.2]
	at org.junit.jupiter.engine.execution.InvocationInterceptorChain.chainAndInvoke(InvocationInterceptorChain.java:45) ~[junit-jupiter-engine-5.12.2.jar:5.12.2]
	at org.junit.jupiter.engine.execution.InvocationInterceptorChain.invoke(InvocationInterceptorChain.java:37) ~[junit-jupiter-engine-5.12.2.jar:5.12.2]
	at org.junit.jupiter.engine.execution.InterceptingExecutableInvoker.invoke(InterceptingExecutableInvoker.java:93) ~[junit-jupiter-engine-5.12.2.jar:5.12.2]
	at org.junit.jupiter.engine.execution.InterceptingExecutableInvoker.invoke(InterceptingExecutableInvoker.java:87) ~[junit-jupiter-engine-5.12.2.jar:5.12.2]
	at org.junit.jupiter.engine.descriptor.TestMethodTestDescriptor.lambda$invokeTestMethod$7(TestMethodTestDescriptor.java:216) ~[junit-jupiter-engine-5.12.2.jar:5.12.2]
	at org.junit.platform.engine.support.hierarchical.ThrowableCollector.execute(ThrowableCollector.java:73) ~[junit-platform-engine-1.12.2.jar:1.12.2]
	at org.junit.jupiter.engine.descriptor.TestMethodTestDescriptor.invokeTestMethod(TestMethodTestDescriptor.java:212) ~[junit-jupiter-engine-5.12.2.jar:5.12.2]
	at org.junit.jupiter.engine.descriptor.TestMethodTestDescriptor.execute(TestMethodTestDescriptor.java:137) ~[junit-jupiter-engine-5.12.2.jar:5.12.2]
	at org.junit.jupiter.engine.descriptor.TestMethodTestDescriptor.execute(TestMethodTestDescriptor.java:69) ~[junit-jupiter-engine-5.12.2.jar:5.12.2]
	at org.junit.platform.engine.support.hierarchical.NodeTestTask.lambda$executeRecursively$6(NodeTestTask.java:156) ~[junit-platform-engine-1.12.2.jar:1.12.2]
	at org.junit.platform.engine.support.hierarchical.ThrowableCollector.execute(ThrowableCollector.java:73) ~[junit-platform-engine-1.12.2.jar:1.12.2]
	at org.junit.platform.engine.support.hierarchical.NodeTestTask.lambda$executeRecursively$8(NodeTestTask.java:146) ~[junit-platform-engine-1.12.2.jar:1.12.2]
	at org.junit.platform.engine.support.hierarchical.Node.around(Node.java:137) ~[junit-platform-engine-1.12.2.jar:1.12.2]
	at org.junit.platform.engine.support.hierarchical.NodeTestTask.lambda$executeRecursively$9(NodeTestTask.java:144) ~[junit-platform-engine-1.12.2.jar:1.12.2]
	at org.junit.platform.engine.support.hierarchical.ThrowableCollector.execute(ThrowableCollector.java:73) ~[junit-platform-engine-1.12.2.jar:1.12.2]
	at org.junit.platform.engine.support.hierarchical.NodeTestTask.executeRecursively(NodeTestTask.java:143) ~[junit-platform-engine-1.12.2.jar:1.12.2]
	at org.junit.platform.engine.support.hierarchical.NodeTestTask.execute(NodeTestTask.java:100) ~[junit-platform-engine-1.12.2.jar:1.12.2]
	at java.base/java.util.ArrayList.forEach(ArrayList.java:1604) ~[na:na]
	at org.junit.platform.engine.support.hierarchical.SameThreadHierarchicalTestExecutorService.invokeAll(SameThreadHierarchicalTestExecutorService.java:41) ~[junit-platform-engine-1.12.2.jar:1.12.2]
	at org.junit.platform.engine.support.hierarchical.NodeTestTask.lambda$executeRecursively$6(NodeTestTask.java:160) ~[junit-platform-engine-1.12.2.jar:1.12.2]
	at org.junit.platform.engine.support.hierarchical.ThrowableCollector.execute(ThrowableCollector.java:73) ~[junit-platform-engine-1.12.2.jar:1.12.2]
	at org.junit.platform.engine.support.hierarchical.NodeTestTask.lambda$executeRecursively$8(NodeTestTask.java:146) ~[junit-platform-engine-1.12.2.jar:1.12.2]
	at org.junit.platform.engine.support.hierarchical.Node.around(Node.java:137) ~[junit-platform-engine-1.12.2.jar:1.12.2]
	at org.junit.platform.engine.support.hierarchical.NodeTestTask.lambda$executeRecursively$9(NodeTestTask.java:144) ~[junit-platform-engine-1.12.2.jar:1.12.2]
	at org.junit.platform.engine.support.hierarchical.ThrowableCollector.execute(ThrowableCollector.java:73) ~[junit-platform-engine-1.12.2.jar:1.12.2]
	at org.junit.platform.engine.support.hierarchical.NodeTestTask.executeRecursively(NodeTestTask.java:143) ~[junit-platform-engine-1.12.2.jar:1.12.2]
	at org.junit.platform.engine.support.hierarchical.NodeTestTask.execute(NodeTestTask.java:100) ~[junit-platform-engine-1.12.2.jar:1.12.2]
	at java.base/java.util.ArrayList.forEach(ArrayList.java:1604) ~[na:na]
	at org.junit.platform.engine.support.hierarchical.SameThreadHierarchicalTestExecutorService.invokeAll(SameThreadHierarchicalTestExecutorService.java:41) ~[junit-platform-engine-1.12.2.jar:1.12.2]
	at org.junit.platform.engine.support.hierarchical.NodeTestTask.lambda$executeRecursively$6(NodeTestTask.java:160) ~[junit-platform-engine-1.12.2.jar:1.12.2]
	at org.junit.platform.engine.support.hierarchical.ThrowableCollector.execute(ThrowableCollector.java:73) ~[junit-platform-engine-1.12.2.jar:1.12.2]
	at org.junit.platform.engine.support.hierarchical.NodeTestTask.lambda$executeRecursively$8(NodeTestTask.java:146) ~[junit-platform-engine-1.12.2.jar:1.12.2]
	at org.junit.platform.engine.support.hierarchical.Node.around(Node.java:137) ~[junit-platform-engine-1.12.2.jar:1.12.2]
	at org.junit.platform.engine.support.hierarchical.NodeTestTask.lambda$executeRecursively$9(NodeTestTask.java:144) ~[junit-platform-engine-1.12.2.jar:1.12.2]
	at org.junit.platform.engine.support.hierarchical.ThrowableCollector.execute(ThrowableCollector.java:73) ~[junit-platform-engine-1.12.2.jar:1.12.2]
	at org.junit.platform.engine.support.hierarchical.NodeTestTask.executeRecursively(NodeTestTask.java:143) ~[junit-platform-engine-1.12.2.jar:1.12.2]
	at org.junit.platform.engine.support.hierarchical.NodeTestTask.execute(NodeTestTask.java:100) ~[junit-platform-engine-1.12.2.jar:1.12.2]
	at org.junit.platform.engine.support.hierarchical.SameThreadHierarchicalTestExecutorService.submit(SameThreadHierarchicalTestExecutorService.java:35) ~[junit-platform-engine-1.12.2.jar:1.12.2]
	at org.junit.platform.engine.support.hierarchical.HierarchicalTestExecutor.execute(HierarchicalTestExecutor.java:57) ~[junit-platform-engine-1.12.2.jar:1.12.2]
	at org.junit.platform.engine.support.hierarchical.HierarchicalTestEngine.execute(HierarchicalTestEngine.java:54) ~[junit-platform-engine-1.12.2.jar:1.12.2]
	at org.junit.platform.launcher.core.EngineExecutionOrchestrator.execute(EngineExecutionOrchestrator.java:201) ~[junit-platform-launcher-1.12.2.jar:1.12.2]
	at org.junit.platform.launcher.core.EngineExecutionOrchestrator.execute(EngineExecutionOrchestrator.java:170) ~[junit-platform-launcher-1.12.2.jar:1.12.2]
	at org.junit.platform.launcher.core.EngineExecutionOrchestrator.execute(EngineExecutionOrchestrator.java:94) ~[junit-platform-launcher-1.12.2.jar:1.12.2]
	at org.junit.platform.launcher.core.EngineExecutionOrchestrator.lambda$execute$0(EngineExecutionOrchestrator.java:59) ~[junit-platform-launcher-1.12.2.jar:1.12.2]
	at org.junit.platform.launcher.core.EngineExecutionOrchestrator.withInterceptedStreams(EngineExecutionOrchestrator.java:142) ~[junit-platform-launcher-1.12.2.jar:1.12.2]
	at org.junit.platform.launcher.core.EngineExecutionOrchestrator.execute(EngineExecutionOrchestrator.java:58) ~[junit-platform-launcher-1.12.2.jar:1.12.2]
	at org.junit.platform.launcher.core.DefaultLauncher.execute(DefaultLauncher.java:103) ~[junit-platform-launcher-1.12.2.jar:1.12.2]
	at org.junit.platform.launcher.core.DefaultLauncher.execute(DefaultLauncher.java:85) ~[junit-platform-launcher-1.12.2.jar:1.12.2]
	at org.junit.platform.launcher.core.DelegatingLauncher.execute(DelegatingLauncher.java:47) ~[junit-platform-launcher-1.12.2.jar:1.12.2]
	at org.junit.platform.launcher.core.InterceptingLauncher.lambda$execute$1(InterceptingLauncher.java:39) ~[junit-platform-launcher-1.12.2.jar:1.12.2]
	at org.junit.platform.launcher.core.ClasspathAlignmentCheckingLauncherInterceptor.intercept(ClasspathAlignmentCheckingLauncherInterceptor.java:25) ~[junit-platform-launcher-1.12.2.jar:1.12.2]
	at org.junit.platform.launcher.core.InterceptingLauncher.execute(InterceptingLauncher.java:38) ~[junit-platform-launcher-1.12.2.jar:1.12.2]
	at org.junit.platform.launcher.core.DelegatingLauncher.execute(DelegatingLauncher.java:47) ~[junit-platform-launcher-1.12.2.jar:1.12.2]
	at org.junit.platform.launcher.core.SessionPerRequestLauncher.execute(SessionPerRequestLauncher.java:63) ~[junit-platform-launcher-1.12.2.jar:1.12.2]
	at com.intellij.junit5.JUnit5IdeaTestRunner.startRunnerWithArgs(JUnit5IdeaTestRunner.java:66) ~[junit5-rt.jar:na]
	at com.intellij.rt.junit.IdeaTestRunner$Repeater$1.execute(IdeaTestRunner.java:38) ~[junit-rt.jar:na]
	at com.intellij.rt.execution.junit.TestsRepeater.repeat(TestsRepeater.java:11) ~[idea_rt.jar:na]
	at com.intellij.rt.junit.IdeaTestRunner$Repeater.startRunnerWithArgs(IdeaTestRunner.java:35) ~[junit-rt.jar:na]
	at com.intellij.rt.junit.JUnitStarter.prepareStreamsAndStart(JUnitStarter.java:231) ~[junit-rt.jar:na]
	at com.intellij.rt.junit.JUnitStarter.main(JUnitStarter.java:55) ~[junit-rt.jar:na]

2025-08-26T06:06:17.085+05:30 TRACE 13352 --- [prod-ready-features] [main] c.s.p.p.clients.Impl.EmployeeClientImpl  : Trying to retrieve all employees in getAllEmployees
2025-08-26T06:06:17.086+05:30  INFO 13352 --- [prod-ready-features] [main] c.s.p.p.clients.Impl.EmployeeClientImpl  : Attempting to call the restClient Method in getAllEmployees
2025-08-26T06:06:17.119+05:30 DEBUG 13352 --- [prod-ready-features] [main] c.s.p.p.clients.Impl.EmployeeClientImpl  : Successfully retrieved the employees in getAllEmployees
2025-08-26T06:06:17.119+05:30 TRACE 13352 --- [prod-ready-features] [main] c.s.p.p.clients.Impl.EmployeeClientImpl  : Retrieved employees list in getAllEmployees : [EmployeeDTO(id=3, name=uyhuhjggbu, email=sudhir@gmail.com, age=19, dateOfJoining=2025-07-29, role=USER, salary=10000.78, isActive=true, primeNumber=2), EmployeeDTO(id=152, name=sahil, email=sahil@gmail.com, age=21, dateOfJoining=2003-01-08, role=null, salary=null, isActive=true, primeNumber=null), EmployeeDTO(id=252, name=sudhir, email=sudhir@gmail.com, age=21, dateOfJoining=2003-01-08, role=null, salary=null, isActive=true, primeNumber=null), EmployeeDTO(id=352, name=jhtftgf, email=sudhir@gmail.com, age=21, dateOfJoining=2003-01-08, role=null, salary=null, isActive=true, primeNumber=null), EmployeeDTO(id=402, name=    b , email=sudhir@gmail.com, age=21, dateOfJoining=2003-01-08, role=null, salary=null, isActive=true, primeNumber=null), EmployeeDTO(id=452, name=    uyhub , email=sudhir@gmail.com, age=21, dateOfJoining=2003-01-08, role=null, salary=null, isActive=true, primeNumber=null), EmployeeDTO(id=453, name=uyhuhjggbu, email=sudhir@gmail.com, age=21, dateOfJoining=2003-01-08, role=null, salary=null, isActive=true, primeNumber=null), EmployeeDTO(id=454, name=uyhuhjggbu, email=sudhir@gmail.com, age=21, dateOfJoining=2003-01-08, role=null, salary=null, isActive=true, primeNumber=null), EmployeeDTO(id=502, name=uyhuhjggbu, email=sudhir@gmail.com, age=18, dateOfJoining=2003-01-08, role=null, salary=null, isActive=true, primeNumber=null), EmployeeDTO(id=503, name=uyhuhjggbu, email=sudhir@gmail.com, age=19, dateOfJoining=2003-01-08, role=null, salary=null, isActive=true, primeNumber=null), EmployeeDTO(id=552, name=uyhuhjggbu, email=sudhir@gmail.com, age=19, dateOfJoining=2003-01-08, role=null, salary=null, isActive=true, primeNumber=null), EmployeeDTO(id=602, name=uyhuhjggbu, email=sudhir@gmail.com, age=19, dateOfJoining=2003-01-08, role=user, salary=null, isActive=true, primeNumber=null), EmployeeDTO(id=603, name=uyhuhjggbu, email=sudhir@gmail.com, age=19, dateOfJoining=2003-01-08, role=user, salary=null, isActive=true, primeNumber=null), EmployeeDTO(id=652, name=uyhuhjggbu, email=sudhir@gmail.com, age=19, dateOfJoining=2003-01-08, role=user, salary=null, isActive=true, primeNumber=null), EmployeeDTO(id=653, name=uyhuhjggbu, email=sudhir@gmail.com, age=19, dateOfJoining=2003-01-08, role=user, salary=null, isActive=true, primeNumber=null), EmployeeDTO(id=702, name=uyhuhjggbu, email=sudhir@gmail.com, age=19, dateOfJoining=2003-01-08, role=user, salary=68770.0, isActive=true, primeNumber=null), EmployeeDTO(id=752, name=uyhuhjggbu, email=sudhir@gmail.com, age=19, dateOfJoining=2025-01-08, role=user, salary=68770.0, isActive=true, primeNumber=null), EmployeeDTO(id=753, name=uyhuhjggbu, email=sudhir@gmail.com, age=19, dateOfJoining=2025-07-29, role=user, salary=68770.0, isActive=true, primeNumber=null), EmployeeDTO(id=754, name=uyhuhjggbu, email=sudhir@gmail.com, age=19, dateOfJoining=2025-07-29, role=user, salary=68770.0, isActive=true, primeNumber=null), EmployeeDTO(id=802, name=uyhuhjggbu, email=sudhir@gmail.com, age=19, dateOfJoining=2025-07-29, role=user, salary=68770.0, isActive=true, primeNumber=null), EmployeeDTO(id=852, name=uyhuhjggbu, email=sudhir@gmail.com, age=19, dateOfJoining=2025-07-29, role=user, salary=10000.5, isActive=true, primeNumber=null), EmployeeDTO(id=853, name=uyhuhjggbu, email=sudhir@gmail.com, age=19, dateOfJoining=2025-07-29, role=user, salary=10000.78, isActive=true, primeNumber=null), EmployeeDTO(id=902, name=uyhuhjggbu, email=sudhir@gmail.com, age=19, dateOfJoining=2025-07-29, role=user, salary=10000.78, isActive=true, primeNumber=null), EmployeeDTO(id=952, name=uyhuhjggbu, email=sudhir@gmail.com, age=19, dateOfJoining=2025-07-29, role=USER, salary=10000.78, isActive=true, primeNumber=null), EmployeeDTO(id=1002, name=uyhuhjggbu, email=sudhir@gmail.com, age=19, dateOfJoining=2025-07-29, role=USER, salary=10000.78, isActive=true, primeNumber=71), EmployeeDTO(id=1003, name=uyhuhjggbu, email=sudhir@gmail.com, age=19, dateOfJoining=2025-07-29, role=USER, salary=10000.78, isActive=true, primeNumber=5), EmployeeDTO(id=1004, name=uyhuhjggbu, email=sudhir@gmail.com, age=19, dateOfJoining=2025-07-29, role=USER, salary=10000.78, isActive=true, primeNumber=2), EmployeeDTO(id=1005, name=uyhuhjggbu, email=sudhir@gmail.com, age=19, dateOfJoining=2025-07-29, role=USER, salary=10000.78, isActive=true, primeNumber=7), EmployeeDTO(id=1006, name=uyhuhjggbu, email=sudhir@gmail.com, age=19, dateOfJoining=2025-07-29, role=USER, salary=10000.78, isActive=true, primeNumber=11), EmployeeDTO(id=1007, name=uyhuhjggbu, email=sudhir@gmail.com, age=19, dateOfJoining=2025-07-29, role=USER, salary=10000.78, isActive=true, primeNumber=11), EmployeeDTO(id=1052, name=uyhuhjggbu, email=sudhir@gmail.com, age=19, dateOfJoining=2025-07-29, role=USER, salary=10000.78, isActive=true, primeNumber=10), EmployeeDTO(id=1053, name=uyhuhjggbu, email=sudhir@gmail.com, age=19, dateOfJoining=2025-07-29, role=USER, salary=10000.78, isActive=true, primeNumber=188), EmployeeDTO(id=1102, name=uyhuhjggbu, email=sudhir@gmail.com, age=19, dateOfJoining=2025-07-29, role=USER, salary=10000.78, isActive=true, primeNumber=2), EmployeeDTO(id=1152, name=uyhubu, email=sudhir@gmail.com, age=43, dateOfJoining=2024-07-29, role=USER, salary=10000.78, isActive=true, primeNumber=2), EmployeeDTO(id=1202, name=uyhubu, email=sudhir@gmail.com, age=43, dateOfJoining=2025-07-29, role=USER, salary=10000.78, isActive=true, primeNumber=2), EmployeeDTO(id=1203, name=uyhubu, email=sudhir@gmail.com, age=43, dateOfJoining=2025-07-29, role=USER, salary=10000.78, isActive=true, primeNumber=5), EmployeeDTO(id=1252, name=uyhubu, email=sudhir@gmail.com, age=43, dateOfJoining=2025-07-29, role=USER, salary=10000.78, isActive=true, primeNumber=5), EmployeeDTO(id=1302, name=uyhubu, email=sudhir@gmail.com, age=43, dateOfJoining=2025-07-29, role=USER, salary=10000.78, isActive=true, primeNumber=5), EmployeeDTO(id=1303, name=uyhubu, email=sudhir@gmail.com, age=43, dateOfJoining=2025-07-29, role=USER, salary=10000.78, isActive=true, primeNumber=5), EmployeeDTO(id=1304, name=uyhubu, email=sudhir@gmail.com, age=43, dateOfJoining=2025-07-29, role=USER, salary=10000.78, isActive=true, primeNumber=5), EmployeeDTO(id=1352, name=uyhubu, email=sudhir@gmail.com, age=43, dateOfJoining=2025-07-29, role=USER, salary=10000.78, isActive=true, primeNumber=5), EmployeeDTO(id=1402, name=Sahil, email=sahil@gmail.com, age=27, dateOfJoining=2025-08-15, role=USER, salary=10005.0, isActive=true, primeNumber=5), EmployeeDTO(id=1403, name=SahilPatel, email=sahil@gmail.com, age=27, dateOfJoining=2025-08-15, role=USER, salary=10005.0, isActive=true, primeNumber=5), EmployeeDTO(id=1404, name=Sahil, email=sahil@gmail.com, age=27, dateOfJoining=2025-08-15, role=USER, salary=10005.0, isActive=true, primeNumber=5), EmployeeDTO(id=1405, name=Sahil, email=sahil@gmail.com, age=27, dateOfJoining=2025-08-15, role=USER, salary=10005.0, isActive=true, primeNumber=5), EmployeeDTO(id=3002, name=Sahil, email=sahil@gmail.com, age=24, dateOfJoining=2025-08-15, role=USER, salary=10005.0, isActive=true, primeNumber=5), EmployeeDTO(id=3003, name=Sahil, email=sahil@gmail.com, age=25, dateOfJoining=2025-08-15, role=USER, salary=10005.0, isActive=true, primeNumber=5), EmployeeDTO(id=3004, name=Sahil, email=sahil@gmail.com, age=25, dateOfJoining=2025-08-15, role=USER, salary=10005.0, isActive=true, primeNumber=5), EmployeeDTO(id=3005, name=Sahil, email=sahil@gmail.com, age=25, dateOfJoining=2025-08-15, role=USER, salary=10005.0, isActive=true, primeNumber=5), EmployeeDTO(id=3006, name=Sahil, email=sahil@gmail.com, age=25, dateOfJoining=2025-08-15, role=USER, salary=10005.0, isActive=true, primeNumber=5), EmployeeDTO(id=3007, name=Sahil, email=sahil@gmail.com, age=25, dateOfJoining=2025-08-15, role=USER, salary=10005.0, isActive=true, primeNumber=5)]
2025-08-26T06:06:17.151+05:30  INFO 13352 --- [prod-ready-features] [SpringApplicationShutdownHook] j.LocalContainerEntityManagerFactoryBean : Closing JPA EntityManagerFactory for persistence unit 'default'
2025-08-26T06:06:17.156+05:30  INFO 13352 --- [prod-ready-features] [SpringApplicationShutdownHook] com.zaxxer.hikari.HikariDataSource       : HikariPool-1 - Shutdown initiated...
2025-08-26T06:06:17.170+05:30  INFO 13352 --- [prod-ready-features] [SpringApplicationShutdownHook] com.zaxxer.hikari.HikariDataSource       : HikariPool-1 - Shutdown completed.
